<?xml version="1.0" encoding="UTF-8"?>
<testng-results ignored="0" total="1" passed="1" failed="0" skipped="0">
  <reporter-output>
  </reporter-output>
  <suite started-at="2023-01-08T16:01:50 IST" name="Default suite" finished-at="2023-01-08T16:02:49 IST" duration-ms="59496">
    <groups>
    </groups>
    <test started-at="2023-01-08T16:01:50 IST" name="Default test" finished-at="2023-01-08T16:02:49 IST" duration-ms="59496">
      <class name="com.gcr.scripts.TC4">
        <test-method is-config="true" signature="generateReport()[pri:0, instance:com.gcr.scripts.TC4@58d75e99]" started-at="2023-01-08T16:01:50 IST" name="generateReport" finished-at="2023-01-08T16:01:50 IST" duration-ms="303" status="PASS">
          <reporter-output>
          </reporter-output>
        </test-method> <!-- generateReport -->
        <test-method is-config="true" signature="beforeClass()[pri:0, instance:com.gcr.scripts.TC4@58d75e99]" started-at="2023-01-08T16:01:50 IST" name="beforeClass" finished-at="2023-01-08T16:02:38 IST" duration-ms="47686" status="PASS">
          <reporter-output>
          </reporter-output>
        </test-method> <!-- beforeClass -->
        <test-method is-config="true" signature="methodName(java.lang.reflect.Method)[pri:0, instance:com.gcr.scripts.TC4@58d75e99]" started-at="2023-01-08T16:02:38 IST" name="methodName" finished-at="2023-01-08T16:02:38 IST" duration-ms="7" status="PASS">
          <params>
            <param index="0">
              <value>
                <![CDATA[public void com.gcr.scripts.TC4.LoginLogout_Webshop() throws java.lang.Exception]]>
              </value>
            </param>
          </params>
          <reporter-output>
          </reporter-output>
        </test-method> <!-- methodName -->
        <test-method signature="LoginLogout_Webshop()[pri:0, instance:com.gcr.scripts.TC4@58d75e99]" started-at="2023-01-08T16:02:38 IST" name="LoginLogout_Webshop" finished-at="2023-01-08T16:02:48 IST" duration-ms="10351" status="PASS">
          <reporter-output>
          </reporter-output>
        </test-method> <!-- LoginLogout_Webshop -->
        <test-method is-config="true" signature="afterClass()[pri:0, instance:com.gcr.scripts.TC4@58d75e99]" started-at="2023-01-08T16:02:48 IST" name="afterClass" finished-at="2023-01-08T16:02:49 IST" duration-ms="1112" status="PASS">
          <reporter-output>
          </reporter-output>
        </test-method> <!-- afterClass -->
      </class> <!-- com.gcr.scripts.TC4 -->
    </test> <!-- Default test -->
  </suite> <!-- Default suite -->
</testng-results>
